# JRE version: OpenJDK Runtime Environment Temurin-17.0.8.1+1 (17.0.8.1+1) (build 17.0.8.1+1)
# Java VM: OpenJDK 64-Bit Server VM Temurin-17.0.8.1+1 (17.0.8.1+1, mixed mode, emulated-client, tiered, compressed oops, compressed class ptrs, g1 gc, windows-amd64)
GC Precious Log:
 CPUs: 8 total, 8 available
 Memory: 6022M
 Large Page Support: Disabled
 NUMA Support: Disabled
 Compressed Oops: Enabled (32-bit)
 Heap Region Size: 1M
 Heap Min Capacity: 8M
 Heap Initial Capacity: 96M
 Heap Max Capacity: 1G
 Pre-touch: Disabled
 Parallel Workers: 8
 Concurrent Workers: 2
 Concurrent Refinement Workers: 8
 Periodic GC: Disabled
Heap:
 garbage-first heap   total 60416K, used 26631K [0x00000000c0000000, 0x0000000100000000)
  region size 1024K, 1 young (1024K), 0 survivors (0K)
 Metaspace       used 56705K, committed 57280K, reserved 1114112K
  class space    used 6901K, committed 7104K, reserved 1048576K
GC Heap History (20 events):
Event: 1557.200 GC heap before
{Heap before GC invocations=153 (full 125):
 garbage-first heap   total 60416K, used 26631K [0x00000000c0000000, 0x0000000100000000)
  region size 1024K, 1 young (1024K), 0 survivors (0K)
 Metaspace       used 56705K, committed 57280K, reserved 1114112K
  class space    used 6901K, committed 7104K, reserved 1048576K
}
Event: 1557.272 GC heap after
{Heap after GC invocations=154 (full 126):
 garbage-first heap   total 60416K, used 26631K [0x00000000c0000000, 0x0000000100000000)
  region size 1024K, 0 young (0K), 0 survivors (0K)
 Metaspace       used 56705K, committed 57280K, reserved 1114112K
  class space    used 6901K, committed 7104K, reserved 1048576K
}
Event: 1568.375 GC heap before
{Heap before GC invocations=154 (full 126):
 garbage-first heap   total 60416K, used 26631K [0x00000000c0000000, 0x0000000100000000)
  region size 1024K, 1 young (1024K), 0 survivors (0K)
 Metaspace       used 56705K, committed 57280K, reserved 1114112K
  class space    used 6901K, committed 7104K, reserved 1048576K
}
Event: 1568.442 GC heap after
{Heap after GC invocations=155 (full 127):
 garbage-first heap   total 60416K, used 26631K [0x00000000c0000000, 0x0000000100000000)
  region size 1024K, 0 young (0K), 0 survivors (0K)
 Metaspace       used 56705K, committed 57280K, reserved 1114112K
  class space    used 6901K, committed 7104K, reserved 1048576K
}
Event: 1579.461 GC heap before
{Heap before GC invocations=155 (full 127):
 garbage-first heap   total 60416K, used 26631K [0x00000000c0000000, 0x0000000100000000)
  region size 1024K, 1 young (1024K), 0 survivors (0K)
 Metaspace       used 56705K, committed 57280K, reserved 1114112K
  class space    used 6901K, committed 7104K, reserved 1048576K
}
Event: 1579.533 GC heap after
{Heap after GC invocations=156 (full 128):
 garbage-first heap   total 60416K, used 26631K [0x00000000c0000000, 0x0000000100000000)
  region size 1024K, 0 young (0K), 0 survivors (0K)
 Metaspace       used 56705K, committed 57280K, reserved 1114112K
  class space    used 6901K, committed 7104K, reserved 1048576K
}
Event: 1590.602 GC heap before
{Heap before GC invocations=156 (full 128):
 garbage-first heap   total 60416K, used 26631K [0x00000000c0000000, 0x0000000100000000)
  region size 1024K, 1 young (1024K), 0 survivors (0K)
 Metaspace       used 56705K, committed 57280K, reserved 1114112K
  class space    used 6901K, committed 7104K, reserved 1048576K
}
Event: 1590.686 GC heap after
{Heap after GC invocations=157 (full 129):
 garbage-first heap   total 60416K, used 26631K [0x00000000c0000000, 0x0000000100000000)
  region size 1024K, 0 young (0K), 0 survivors (0K)
 Metaspace       used 56705K, committed 57280K, reserved 1114112K
  class space    used 6901K, committed 7104K, reserved 1048576K
}
Event: 1601.820 GC heap before
{Heap before GC invocations=157 (full 129):
 garbage-first heap   total 60416K, used 26631K [0x00000000c0000000, 0x0000000100000000)
  region size 1024K, 1 young (1024K), 0 survivors (0K)
 Metaspace       used 56705K, committed 57280K, reserved 1114112K
  class space    used 6901K, committed 7104K, reserved 1048576K
}
Event: 1601.904 GC heap after
{Heap after GC invocations=158 (full 130):
 garbage-first heap   total 60416K, used 26631K [0x00000000c0000000, 0x0000000100000000)
  region size 1024K, 0 young (0K), 0 survivors (0K)
 Metaspace       used 56705K, committed 57280K, reserved 1114112K
  class space    used 6901K, committed 7104K, reserved 1048576K
}
Event: 1613.196 GC heap before
{Heap before GC invocations=158 (full 130):
 garbage-first heap   total 60416K, used 26631K [0x00000000c0000000, 0x0000000100000000)
  region size 1024K, 1 young (1024K), 0 survivors (0K)
 Metaspace       used 56705K, committed 57280K, reserved 1114112K
  class space    used 6901K, committed 7104K, reserved 1048576K
}
Event: 1613.289 GC heap after
{Heap after GC invocations=159 (full 131):
 garbage-first heap   total 60416K, used 26631K [0x00000000c0000000, 0x0000000100000000)
  region size 1024K, 0 young (0K), 0 survivors (0K)
 Metaspace       used 56705K, committed 57280K, reserved 1114112K
  class space    used 6901K, committed 7104K, reserved 1048576K
}
Event: 1624.591 GC heap before
{Heap before GC invocations=159 (full 131):
 garbage-first heap   total 60416K, used 26631K [0x00000000c0000000, 0x0000000100000000)
  region size 1024K, 1 young (1024K), 0 survivors (0K)
 Metaspace       used 56705K, committed 57280K, reserved 1114112K
  class space    used 6901K, committed 7104K, reserved 1048576K
}
Event: 1624.671 GC heap after
{Heap after GC invocations=160 (full 132):
 garbage-first heap   total 60416K, used 26631K [0x00000000c0000000, 0x0000000100000000)
  region size 1024K, 0 young (0K), 0 survivors (0K)
 Metaspace       used 56705K, committed 57280K, reserved 1114112K
  class space    used 6901K, committed 7104K, reserved 1048576K
}
Event: 1635.868 GC heap before
{Heap before GC invocations=160 (full 132):
 garbage-first heap   total 60416K, used 26631K [0x00000000c0000000, 0x0000000100000000)
  region size 1024K, 1 young (1024K), 0 survivors (0K)
 Metaspace       used 56705K, committed 57280K, reserved 1114112K
  class space    used 6901K, committed 7104K, reserved 1048576K
}
Event: 1635.953 GC heap after
{Heap after GC invocations=161 (full 133):
 garbage-first heap   total 60416K, used 26631K [0x00000000c0000000, 0x0000000100000000)
  region size 1024K, 0 young (0K), 0 survivors (0K)
 Metaspace       used 56705K, committed 57280K, reserved 1114112K
  class space    used 6901K, committed 7104K, reserved 1048576K
}
Event: 1647.523 GC heap before
{Heap before GC invocations=161 (full 133):
 garbage-first heap   total 60416K, used 26631K [0x00000000c0000000, 0x0000000100000000)
  region size 1024K, 1 young (1024K), 0 survivors (0K)
 Metaspace       used 56705K, committed 57280K, reserved 1114112K
  class space    used 6901K, committed 7104K, reserved 1048576K
}
Event: 1647.615 GC heap after
{Heap after GC invocations=162 (full 134):
 garbage-first heap   total 60416K, used 26631K [0x00000000c0000000, 0x0000000100000000)
  region size 1024K, 0 young (0K), 0 survivors (0K)
 Metaspace       used 56705K, committed 57280K, reserved 1114112K
  class space    used 6901K, committed 7104K, reserved 1048576K
}
Event: 1659.400 GC heap before
{Heap before GC invocations=162 (full 134):
 garbage-first heap   total 60416K, used 26631K [0x00000000c0000000, 0x0000000100000000)
  region size 1024K, 1 young (1024K), 0 survivors (0K)
 Metaspace       used 56705K, committed 57280K, reserved 1114112K
  class space    used 6901K, committed 7104K, reserved 1048576K
}
Event: 1659.505 GC heap after
{Heap after GC invocations=163 (full 135):
 garbage-first heap   total 60416K, used 26631K [0x00000000c0000000, 0x0000000100000000)
  region size 1024K, 0 young (0K), 0 survivors (0K)
 Metaspace       used 56705K, committed 57280K, reserved 1114112K
  class space    used 6901K, committed 7104K, reserved 1048576K
}

